04:02:03:INFO@setup.py:MainProcess - GPU available: True (cuda), used: True
04:02:03:INFO@setup.py:MainProcess - TPU available: False, using: 0 TPU cores
04:02:03:INFO@setup.py:MainProcess - IPU available: False, using: 0 IPUs
04:02:03:INFO@setup.py:MainProcess - HPU available: False, using: 0 HPUs
04:02:37:INFO@distributed.py:MainProcess - ----------------------------------------------------------------------------------------------------
distributed_backend=nccl
All distributed processes registered. Starting with 4 processes
----------------------------------------------------------------------------------------------------

04:02:39:INFO@cuda.py:MainProcess - LOCAL_RANK: 0 - CUDA_VISIBLE_DEVICES: [0,1,2,3,4,5]
04:02:39:INFO@cuda.py:MainProcess - LOCAL_RANK: 2 - CUDA_VISIBLE_DEVICES: [0,1,2,3,4,5]
04:02:39:INFO@cuda.py:MainProcess - LOCAL_RANK: 3 - CUDA_VISIBLE_DEVICES: [0,1,2,3,4,5]
04:02:39:INFO@cuda.py:MainProcess - LOCAL_RANK: 1 - CUDA_VISIBLE_DEVICES: [0,1,2,3,4,5]
04:02:43:INFO@model_summary.py:MainProcess - 
  | Name              | Type                   | Params
-------------------------------------------------------------
0 | model             | DiffusionWrapper       | 1.1 B 
1 | first_stage_model | AutoencoderKL          | 83.7 M
2 | cond_stage_model  | FrozenOpenCLIPEmbedder | 354 M 
-------------------------------------------------------------
1.1 B     Trainable params
437 M     Non-trainable params
1.6 B     Total params
6,328.690 Total estimated model params size (MB)
