16:52:40:INFO@setup.py:MainProcess - GPU available: True (cuda), used: True
16:52:40:INFO@setup.py:MainProcess - TPU available: False, using: 0 TPU cores
16:52:40:INFO@setup.py:MainProcess - IPU available: False, using: 0 IPUs
16:52:40:INFO@setup.py:MainProcess - HPU available: False, using: 0 HPUs
16:54:17:INFO@setup.py:MainProcess - GPU available: True (cuda), used: True
16:54:17:INFO@setup.py:MainProcess - TPU available: False, using: 0 TPU cores
16:54:17:INFO@setup.py:MainProcess - IPU available: False, using: 0 IPUs
16:54:17:INFO@setup.py:MainProcess - HPU available: False, using: 0 HPUs
16:55:39:INFO@setup.py:MainProcess - GPU available: True (cuda), used: True
16:55:39:INFO@setup.py:MainProcess - TPU available: False, using: 0 TPU cores
16:55:39:INFO@setup.py:MainProcess - IPU available: False, using: 0 IPUs
16:55:39:INFO@setup.py:MainProcess - HPU available: False, using: 0 HPUs
16:57:22:INFO@setup.py:MainProcess - GPU available: True (cuda), used: True
16:57:22:INFO@setup.py:MainProcess - TPU available: False, using: 0 TPU cores
16:57:22:INFO@setup.py:MainProcess - IPU available: False, using: 0 IPUs
16:57:22:INFO@setup.py:MainProcess - HPU available: False, using: 0 HPUs
16:58:19:INFO@setup.py:MainProcess - GPU available: True (cuda), used: True
16:58:19:INFO@setup.py:MainProcess - TPU available: False, using: 0 TPU cores
16:58:19:INFO@setup.py:MainProcess - IPU available: False, using: 0 IPUs
16:58:19:INFO@setup.py:MainProcess - HPU available: False, using: 0 HPUs
17:00:24:INFO@setup.py:MainProcess - GPU available: True (cuda), used: True
17:00:24:INFO@setup.py:MainProcess - TPU available: False, using: 0 TPU cores
17:00:24:INFO@setup.py:MainProcess - IPU available: False, using: 0 IPUs
17:00:24:INFO@setup.py:MainProcess - HPU available: False, using: 0 HPUs
17:02:42:INFO@setup.py:MainProcess - GPU available: True (cuda), used: True
17:02:42:INFO@setup.py:MainProcess - TPU available: False, using: 0 TPU cores
17:02:42:INFO@setup.py:MainProcess - IPU available: False, using: 0 IPUs
17:02:42:INFO@setup.py:MainProcess - HPU available: False, using: 0 HPUs
17:04:04:INFO@setup.py:MainProcess - GPU available: True (cuda), used: True
17:04:04:INFO@setup.py:MainProcess - TPU available: False, using: 0 TPU cores
17:04:04:INFO@setup.py:MainProcess - IPU available: False, using: 0 IPUs
17:04:04:INFO@setup.py:MainProcess - HPU available: False, using: 0 HPUs
17:05:34:INFO@setup.py:MainProcess - GPU available: True (cuda), used: True
17:05:34:INFO@setup.py:MainProcess - TPU available: False, using: 0 TPU cores
17:05:34:INFO@setup.py:MainProcess - IPU available: False, using: 0 IPUs
17:05:34:INFO@setup.py:MainProcess - HPU available: False, using: 0 HPUs
17:06:42:INFO@setup.py:MainProcess - GPU available: True (cuda), used: True
17:06:42:INFO@setup.py:MainProcess - TPU available: False, using: 0 TPU cores
17:06:42:INFO@setup.py:MainProcess - IPU available: False, using: 0 IPUs
17:06:42:INFO@setup.py:MainProcess - HPU available: False, using: 0 HPUs
17:07:53:INFO@distributed.py:MainProcess - ----------------------------------------------------------------------------------------------------
distributed_backend=nccl
All distributed processes registered. Starting with 4 processes
----------------------------------------------------------------------------------------------------

17:08:29:INFO@cuda.py:MainProcess - LOCAL_RANK: 0 - CUDA_VISIBLE_DEVICES: [0,1,2,3,4,5,6,7]
17:08:29:INFO@cuda.py:MainProcess - LOCAL_RANK: 1 - CUDA_VISIBLE_DEVICES: [0,1,2,3,4,5,6,7]
17:08:29:INFO@cuda.py:MainProcess - LOCAL_RANK: 3 - CUDA_VISIBLE_DEVICES: [0,1,2,3,4,5,6,7]
17:08:29:INFO@cuda.py:MainProcess - LOCAL_RANK: 2 - CUDA_VISIBLE_DEVICES: [0,1,2,3,4,5,6,7]
17:08:36:INFO@model_summary.py:MainProcess - 
  | Name              | Type                   | Params
-------------------------------------------------------------
0 | model             | DiffusionWrapper       | 1.1 B 
1 | first_stage_model | AutoencoderKL          | 83.7 M
2 | cond_stage_model  | FrozenOpenCLIPEmbedder | 354 M 
-------------------------------------------------------------
1.1 B     Trainable params
437 M     Non-trainable params
1.6 B     Total params
6,328.690 Total estimated model params size (MB)
17:09:44:INFO@setup.py:MainProcess - GPU available: True (cuda), used: True
17:09:44:INFO@setup.py:MainProcess - TPU available: False, using: 0 TPU cores
17:09:44:INFO@setup.py:MainProcess - IPU available: False, using: 0 IPUs
17:09:44:INFO@setup.py:MainProcess - HPU available: False, using: 0 HPUs
17:10:49:INFO@distributed.py:MainProcess - ----------------------------------------------------------------------------------------------------
distributed_backend=nccl
All distributed processes registered. Starting with 4 processes
----------------------------------------------------------------------------------------------------

17:11:16:INFO@cuda.py:MainProcess - LOCAL_RANK: 2 - CUDA_VISIBLE_DEVICES: [0,1,2,3,4,5,6,7]
17:11:16:INFO@cuda.py:MainProcess - LOCAL_RANK: 0 - CUDA_VISIBLE_DEVICES: [0,1,2,3,4,5,6,7]
17:11:16:INFO@cuda.py:MainProcess - LOCAL_RANK: 1 - CUDA_VISIBLE_DEVICES: [0,1,2,3,4,5,6,7]
17:11:16:INFO@cuda.py:MainProcess - LOCAL_RANK: 3 - CUDA_VISIBLE_DEVICES: [0,1,2,3,4,5,6,7]
17:18:28:INFO@setup.py:MainProcess - GPU available: True (cuda), used: True
17:18:28:INFO@setup.py:MainProcess - TPU available: False, using: 0 TPU cores
17:18:28:INFO@setup.py:MainProcess - IPU available: False, using: 0 IPUs
17:18:28:INFO@setup.py:MainProcess - HPU available: False, using: 0 HPUs
17:19:42:INFO@distributed.py:MainProcess - ----------------------------------------------------------------------------------------------------
distributed_backend=nccl
All distributed processes registered. Starting with 7 processes
----------------------------------------------------------------------------------------------------

17:20:11:INFO@cuda.py:MainProcess - LOCAL_RANK: 5 - CUDA_VISIBLE_DEVICES: [0,1,2,3,4,5,6,7]
17:20:11:INFO@cuda.py:MainProcess - LOCAL_RANK: 4 - CUDA_VISIBLE_DEVICES: [0,1,2,3,4,5,6,7]
17:20:11:INFO@cuda.py:MainProcess - LOCAL_RANK: 2 - CUDA_VISIBLE_DEVICES: [0,1,2,3,4,5,6,7]
17:20:11:INFO@cuda.py:MainProcess - LOCAL_RANK: 0 - CUDA_VISIBLE_DEVICES: [0,1,2,3,4,5,6,7]
17:20:11:INFO@cuda.py:MainProcess - LOCAL_RANK: 6 - CUDA_VISIBLE_DEVICES: [0,1,2,3,4,5,6,7]
17:20:11:INFO@cuda.py:MainProcess - LOCAL_RANK: 3 - CUDA_VISIBLE_DEVICES: [0,1,2,3,4,5,6,7]
17:20:11:INFO@cuda.py:MainProcess - LOCAL_RANK: 1 - CUDA_VISIBLE_DEVICES: [0,1,2,3,4,5,6,7]
17:20:22:INFO@model_summary.py:MainProcess - 
  | Name              | Type                   | Params
-------------------------------------------------------------
0 | model             | DiffusionWrapper       | 1.1 B 
1 | first_stage_model | AutoencoderKL          | 83.7 M
2 | cond_stage_model  | FrozenOpenCLIPEmbedder | 354 M 
-------------------------------------------------------------
1.1 B     Trainable params
437 M     Non-trainable params
1.6 B     Total params
6,328.690 Total estimated model params size (MB)
17:23:56:INFO@setup.py:MainProcess - GPU available: True (cuda), used: True
17:23:56:INFO@setup.py:MainProcess - TPU available: False, using: 0 TPU cores
17:23:56:INFO@setup.py:MainProcess - IPU available: False, using: 0 IPUs
17:23:56:INFO@setup.py:MainProcess - HPU available: False, using: 0 HPUs
17:25:07:INFO@distributed.py:MainProcess - ----------------------------------------------------------------------------------------------------
distributed_backend=nccl
All distributed processes registered. Starting with 7 processes
----------------------------------------------------------------------------------------------------

17:25:36:INFO@cuda.py:MainProcess - LOCAL_RANK: 0 - CUDA_VISIBLE_DEVICES: [0,1,2,3,4,5,6,7]
17:25:36:INFO@cuda.py:MainProcess - LOCAL_RANK: 6 - CUDA_VISIBLE_DEVICES: [0,1,2,3,4,5,6,7]
17:25:36:INFO@cuda.py:MainProcess - LOCAL_RANK: 4 - CUDA_VISIBLE_DEVICES: [0,1,2,3,4,5,6,7]
17:25:36:INFO@cuda.py:MainProcess - LOCAL_RANK: 2 - CUDA_VISIBLE_DEVICES: [0,1,2,3,4,5,6,7]
17:25:36:INFO@cuda.py:MainProcess - LOCAL_RANK: 1 - CUDA_VISIBLE_DEVICES: [0,1,2,3,4,5,6,7]
17:25:36:INFO@cuda.py:MainProcess - LOCAL_RANK: 3 - CUDA_VISIBLE_DEVICES: [0,1,2,3,4,5,6,7]
17:25:36:INFO@cuda.py:MainProcess - LOCAL_RANK: 5 - CUDA_VISIBLE_DEVICES: [0,1,2,3,4,5,6,7]
17:25:45:INFO@model_summary.py:MainProcess - 
  | Name              | Type                   | Params
-------------------------------------------------------------
0 | model             | DiffusionWrapper       | 1.1 B 
1 | first_stage_model | AutoencoderKL          | 83.7 M
2 | cond_stage_model  | FrozenOpenCLIPEmbedder | 354 M 
-------------------------------------------------------------
1.1 B     Trainable params
437 M     Non-trainable params
1.6 B     Total params
6,328.690 Total estimated model params size (MB)
23:41:21:INFO@setup.py:MainProcess - GPU available: True (cuda), used: True
23:41:21:INFO@setup.py:MainProcess - TPU available: False, using: 0 TPU cores
23:41:21:INFO@setup.py:MainProcess - IPU available: False, using: 0 IPUs
23:41:21:INFO@setup.py:MainProcess - HPU available: False, using: 0 HPUs
23:42:32:INFO@distributed.py:MainProcess - ----------------------------------------------------------------------------------------------------
distributed_backend=nccl
All distributed processes registered. Starting with 7 processes
----------------------------------------------------------------------------------------------------

23:43:01:INFO@cuda.py:MainProcess - LOCAL_RANK: 0 - CUDA_VISIBLE_DEVICES: [0,1,2,3,4,5,6,7]
23:43:01:INFO@cuda.py:MainProcess - LOCAL_RANK: 2 - CUDA_VISIBLE_DEVICES: [0,1,2,3,4,5,6,7]
23:43:01:INFO@cuda.py:MainProcess - LOCAL_RANK: 4 - CUDA_VISIBLE_DEVICES: [0,1,2,3,4,5,6,7]
23:43:01:INFO@cuda.py:MainProcess - LOCAL_RANK: 5 - CUDA_VISIBLE_DEVICES: [0,1,2,3,4,5,6,7]
23:43:01:INFO@cuda.py:MainProcess - LOCAL_RANK: 3 - CUDA_VISIBLE_DEVICES: [0,1,2,3,4,5,6,7]
23:43:01:INFO@cuda.py:MainProcess - LOCAL_RANK: 1 - CUDA_VISIBLE_DEVICES: [0,1,2,3,4,5,6,7]
23:43:01:INFO@cuda.py:MainProcess - LOCAL_RANK: 6 - CUDA_VISIBLE_DEVICES: [0,1,2,3,4,5,6,7]
23:43:11:INFO@model_summary.py:MainProcess - 
  | Name              | Type                   | Params
-------------------------------------------------------------
0 | model             | DiffusionWrapper       | 1.1 B 
1 | first_stage_model | AutoencoderKL          | 83.7 M
2 | cond_stage_model  | FrozenOpenCLIPEmbedder | 354 M 
-------------------------------------------------------------
1.1 B     Trainable params
437 M     Non-trainable params
1.6 B     Total params
6,328.690 Total estimated model params size (MB)
01:29:54:INFO@setup.py:MainProcess - GPU available: True (cuda), used: True
01:29:54:INFO@setup.py:MainProcess - TPU available: False, using: 0 TPU cores
01:29:54:INFO@setup.py:MainProcess - IPU available: False, using: 0 IPUs
01:29:54:INFO@setup.py:MainProcess - HPU available: False, using: 0 HPUs
01:31:04:INFO@distributed.py:MainProcess - ----------------------------------------------------------------------------------------------------
distributed_backend=nccl
All distributed processes registered. Starting with 7 processes
----------------------------------------------------------------------------------------------------

01:31:34:INFO@cuda.py:MainProcess - LOCAL_RANK: 0 - CUDA_VISIBLE_DEVICES: [0,1,2,3,4,5,6,7]
01:31:34:INFO@cuda.py:MainProcess - LOCAL_RANK: 3 - CUDA_VISIBLE_DEVICES: [0,1,2,3,4,5,6,7]
01:31:34:INFO@cuda.py:MainProcess - LOCAL_RANK: 1 - CUDA_VISIBLE_DEVICES: [0,1,2,3,4,5,6,7]
01:31:34:INFO@cuda.py:MainProcess - LOCAL_RANK: 5 - CUDA_VISIBLE_DEVICES: [0,1,2,3,4,5,6,7]
01:31:34:INFO@cuda.py:MainProcess - LOCAL_RANK: 6 - CUDA_VISIBLE_DEVICES: [0,1,2,3,4,5,6,7]
01:31:34:INFO@cuda.py:MainProcess - LOCAL_RANK: 2 - CUDA_VISIBLE_DEVICES: [0,1,2,3,4,5,6,7]
01:31:34:INFO@cuda.py:MainProcess - LOCAL_RANK: 4 - CUDA_VISIBLE_DEVICES: [0,1,2,3,4,5,6,7]
01:31:39:INFO@model_summary.py:MainProcess - 
  | Name              | Type                   | Params
-------------------------------------------------------------
0 | model             | DiffusionWrapper       | 1.1 B 
1 | first_stage_model | AutoencoderKL          | 83.7 M
2 | cond_stage_model  | FrozenOpenCLIPEmbedder | 354 M 
-------------------------------------------------------------
1.1 B     Trainable params
437 M     Non-trainable params
1.6 B     Total params
6,328.690 Total estimated model params size (MB)
14:44:27:INFO@setup.py:MainProcess - GPU available: True (cuda), used: True
14:44:27:INFO@setup.py:MainProcess - TPU available: False, using: 0 TPU cores
14:44:27:INFO@setup.py:MainProcess - IPU available: False, using: 0 IPUs
14:44:27:INFO@setup.py:MainProcess - HPU available: False, using: 0 HPUs
14:45:36:INFO@distributed.py:MainProcess - ----------------------------------------------------------------------------------------------------
distributed_backend=nccl
All distributed processes registered. Starting with 7 processes
----------------------------------------------------------------------------------------------------

14:46:24:INFO@setup.py:MainProcess - GPU available: True (cuda), used: True
14:46:24:INFO@setup.py:MainProcess - TPU available: False, using: 0 TPU cores
14:46:24:INFO@setup.py:MainProcess - IPU available: False, using: 0 IPUs
14:46:24:INFO@setup.py:MainProcess - HPU available: False, using: 0 HPUs
14:47:31:INFO@distributed.py:MainProcess - ----------------------------------------------------------------------------------------------------
distributed_backend=nccl
All distributed processes registered. Starting with 7 processes
----------------------------------------------------------------------------------------------------

14:47:53:INFO@cuda.py:MainProcess - LOCAL_RANK: 0 - CUDA_VISIBLE_DEVICES: [0,1,2,3,4,5,6,7]
14:47:53:INFO@cuda.py:MainProcess - LOCAL_RANK: 6 - CUDA_VISIBLE_DEVICES: [0,1,2,3,4,5,6,7]
14:47:53:INFO@cuda.py:MainProcess - LOCAL_RANK: 2 - CUDA_VISIBLE_DEVICES: [0,1,2,3,4,5,6,7]
14:47:53:INFO@cuda.py:MainProcess - LOCAL_RANK: 3 - CUDA_VISIBLE_DEVICES: [0,1,2,3,4,5,6,7]
14:47:53:INFO@cuda.py:MainProcess - LOCAL_RANK: 4 - CUDA_VISIBLE_DEVICES: [0,1,2,3,4,5,6,7]
14:47:53:INFO@cuda.py:MainProcess - LOCAL_RANK: 5 - CUDA_VISIBLE_DEVICES: [0,1,2,3,4,5,6,7]
14:47:53:INFO@cuda.py:MainProcess - LOCAL_RANK: 1 - CUDA_VISIBLE_DEVICES: [0,1,2,3,4,5,6,7]
14:48:03:INFO@model_summary.py:MainProcess - 
  | Name              | Type                   | Params
-------------------------------------------------------------
0 | model             | DiffusionWrapper       | 1.1 B 
1 | first_stage_model | AutoencoderKL          | 83.7 M
2 | cond_stage_model  | FrozenOpenCLIPEmbedder | 354 M 
-------------------------------------------------------------
1.1 B     Trainable params
437 M     Non-trainable params
1.6 B     Total params
6,328.690 Total estimated model params size (MB)
19:02:17:INFO@setup.py:MainProcess - GPU available: True (cuda), used: True
19:02:17:INFO@setup.py:MainProcess - TPU available: False, using: 0 TPU cores
19:02:17:INFO@setup.py:MainProcess - IPU available: False, using: 0 IPUs
19:02:17:INFO@setup.py:MainProcess - HPU available: False, using: 0 HPUs
19:04:32:INFO@distributed.py:MainProcess - ----------------------------------------------------------------------------------------------------
distributed_backend=nccl
All distributed processes registered. Starting with 7 processes
----------------------------------------------------------------------------------------------------

19:05:23:INFO@cuda.py:MainProcess - LOCAL_RANK: 0 - CUDA_VISIBLE_DEVICES: [0,1,2,3,4,5,6,7]
19:05:23:INFO@cuda.py:MainProcess - LOCAL_RANK: 4 - CUDA_VISIBLE_DEVICES: [0,1,2,3,4,5,6,7]
19:05:23:INFO@cuda.py:MainProcess - LOCAL_RANK: 1 - CUDA_VISIBLE_DEVICES: [0,1,2,3,4,5,6,7]
19:05:23:INFO@cuda.py:MainProcess - LOCAL_RANK: 5 - CUDA_VISIBLE_DEVICES: [0,1,2,3,4,5,6,7]
19:05:23:INFO@cuda.py:MainProcess - LOCAL_RANK: 2 - CUDA_VISIBLE_DEVICES: [0,1,2,3,4,5,6,7]
19:05:23:INFO@cuda.py:MainProcess - LOCAL_RANK: 3 - CUDA_VISIBLE_DEVICES: [0,1,2,3,4,5,6,7]
19:05:23:INFO@cuda.py:MainProcess - LOCAL_RANK: 6 - CUDA_VISIBLE_DEVICES: [0,1,2,3,4,5,6,7]
19:05:31:INFO@model_summary.py:MainProcess - 
  | Name              | Type                   | Params
-------------------------------------------------------------
0 | model             | DiffusionWrapper       | 1.1 B 
1 | first_stage_model | AutoencoderKL          | 83.7 M
2 | cond_stage_model  | FrozenOpenCLIPEmbedder | 354 M 
-------------------------------------------------------------
1.1 B     Trainable params
437 M     Non-trainable params
1.6 B     Total params
6,328.690 Total estimated model params size (MB)
22:27:32:INFO@setup.py:MainProcess - GPU available: True (cuda), used: True
22:27:32:INFO@setup.py:MainProcess - TPU available: False, using: 0 TPU cores
22:27:32:INFO@setup.py:MainProcess - IPU available: False, using: 0 IPUs
22:27:32:INFO@setup.py:MainProcess - HPU available: False, using: 0 HPUs
22:28:45:INFO@distributed.py:MainProcess - ----------------------------------------------------------------------------------------------------
distributed_backend=nccl
All distributed processes registered. Starting with 7 processes
----------------------------------------------------------------------------------------------------

22:29:06:INFO@cuda.py:MainProcess - LOCAL_RANK: 0 - CUDA_VISIBLE_DEVICES: [0,1,2,3,4,5,6,7]
22:29:06:INFO@cuda.py:MainProcess - LOCAL_RANK: 1 - CUDA_VISIBLE_DEVICES: [0,1,2,3,4,5,6,7]
22:29:06:INFO@cuda.py:MainProcess - LOCAL_RANK: 4 - CUDA_VISIBLE_DEVICES: [0,1,2,3,4,5,6,7]
22:29:06:INFO@cuda.py:MainProcess - LOCAL_RANK: 5 - CUDA_VISIBLE_DEVICES: [0,1,2,3,4,5,6,7]
22:29:06:INFO@cuda.py:MainProcess - LOCAL_RANK: 6 - CUDA_VISIBLE_DEVICES: [0,1,2,3,4,5,6,7]
22:29:06:INFO@cuda.py:MainProcess - LOCAL_RANK: 2 - CUDA_VISIBLE_DEVICES: [0,1,2,3,4,5,6,7]
22:29:06:INFO@cuda.py:MainProcess - LOCAL_RANK: 3 - CUDA_VISIBLE_DEVICES: [0,1,2,3,4,5,6,7]
22:29:14:INFO@model_summary.py:MainProcess - 
  | Name              | Type                   | Params
-------------------------------------------------------------
0 | model             | DiffusionWrapper       | 1.1 B 
1 | first_stage_model | AutoencoderKL          | 83.7 M
2 | cond_stage_model  | FrozenOpenCLIPEmbedder | 354 M 
-------------------------------------------------------------
1.1 B     Trainable params
437 M     Non-trainable params
1.6 B     Total params
6,328.690 Total estimated model params size (MB)
22:47:27:INFO@setup.py:MainProcess - GPU available: True (cuda), used: True
22:47:27:INFO@setup.py:MainProcess - TPU available: False, using: 0 TPU cores
22:47:27:INFO@setup.py:MainProcess - IPU available: False, using: 0 IPUs
22:47:27:INFO@setup.py:MainProcess - HPU available: False, using: 0 HPUs
22:48:32:INFO@distributed.py:MainProcess - ----------------------------------------------------------------------------------------------------
distributed_backend=nccl
All distributed processes registered. Starting with 6 processes
----------------------------------------------------------------------------------------------------

22:48:55:INFO@cuda.py:MainProcess - LOCAL_RANK: 0 - CUDA_VISIBLE_DEVICES: [0,1,2,3,4,5,6,7]
22:48:55:INFO@cuda.py:MainProcess - LOCAL_RANK: 1 - CUDA_VISIBLE_DEVICES: [0,1,2,3,4,5,6,7]
22:48:55:INFO@cuda.py:MainProcess - LOCAL_RANK: 4 - CUDA_VISIBLE_DEVICES: [0,1,2,3,4,5,6,7]
22:48:55:INFO@cuda.py:MainProcess - LOCAL_RANK: 3 - CUDA_VISIBLE_DEVICES: [0,1,2,3,4,5,6,7]
22:48:55:INFO@cuda.py:MainProcess - LOCAL_RANK: 5 - CUDA_VISIBLE_DEVICES: [0,1,2,3,4,5,6,7]
22:48:55:INFO@cuda.py:MainProcess - LOCAL_RANK: 2 - CUDA_VISIBLE_DEVICES: [0,1,2,3,4,5,6,7]
22:49:02:INFO@model_summary.py:MainProcess - 
  | Name              | Type                   | Params
-------------------------------------------------------------
0 | model             | DiffusionWrapper       | 1.1 B 
1 | first_stage_model | AutoencoderKL          | 83.7 M
2 | cond_stage_model  | FrozenOpenCLIPEmbedder | 354 M 
-------------------------------------------------------------
1.1 B     Trainable params
437 M     Non-trainable params
1.6 B     Total params
6,328.690 Total estimated model params size (MB)
01:58:47:INFO@setup.py:MainProcess - GPU available: True (cuda), used: True
01:58:47:INFO@setup.py:MainProcess - TPU available: False, using: 0 TPU cores
01:58:47:INFO@setup.py:MainProcess - IPU available: False, using: 0 IPUs
01:58:47:INFO@setup.py:MainProcess - HPU available: False, using: 0 HPUs
01:59:56:INFO@distributed.py:MainProcess - ----------------------------------------------------------------------------------------------------
distributed_backend=nccl
All distributed processes registered. Starting with 6 processes
----------------------------------------------------------------------------------------------------

02:00:20:INFO@cuda.py:MainProcess - LOCAL_RANK: 0 - CUDA_VISIBLE_DEVICES: [0,1,2,3,4,5,6,7]
02:00:20:INFO@cuda.py:MainProcess - LOCAL_RANK: 2 - CUDA_VISIBLE_DEVICES: [0,1,2,3,4,5,6,7]
02:00:20:INFO@cuda.py:MainProcess - LOCAL_RANK: 5 - CUDA_VISIBLE_DEVICES: [0,1,2,3,4,5,6,7]
02:00:20:INFO@cuda.py:MainProcess - LOCAL_RANK: 1 - CUDA_VISIBLE_DEVICES: [0,1,2,3,4,5,6,7]
02:00:20:INFO@cuda.py:MainProcess - LOCAL_RANK: 3 - CUDA_VISIBLE_DEVICES: [0,1,2,3,4,5,6,7]
02:00:20:INFO@cuda.py:MainProcess - LOCAL_RANK: 4 - CUDA_VISIBLE_DEVICES: [0,1,2,3,4,5,6,7]
02:00:30:INFO@model_summary.py:MainProcess - 
  | Name              | Type                   | Params
-------------------------------------------------------------
0 | model             | DiffusionWrapper       | 1.1 B 
1 | first_stage_model | AutoencoderKL          | 83.7 M
2 | cond_stage_model  | FrozenOpenCLIPEmbedder | 354 M 
-------------------------------------------------------------
1.1 B     Trainable params
437 M     Non-trainable params
1.6 B     Total params
6,328.690 Total estimated model params size (MB)
04:14:34:INFO@model_checkpoint.py:MainProcess - Epoch 0, global step 939: 'val/loss_simple_ema' reached 0.03974 (best 0.03974), saving model to './cv_macvid/checkpoints/epoch=0000-step=000939.ckpt' as top 3
04:50:04:INFO@setup.py:MainProcess - GPU available: True (cuda), used: True
04:50:04:INFO@setup.py:MainProcess - TPU available: False, using: 0 TPU cores
04:50:04:INFO@setup.py:MainProcess - IPU available: False, using: 0 IPUs
04:50:04:INFO@setup.py:MainProcess - HPU available: False, using: 0 HPUs
04:51:12:INFO@distributed.py:MainProcess - ----------------------------------------------------------------------------------------------------
distributed_backend=nccl
All distributed processes registered. Starting with 6 processes
----------------------------------------------------------------------------------------------------

04:51:42:INFO@cuda.py:MainProcess - LOCAL_RANK: 0 - CUDA_VISIBLE_DEVICES: [0,1,2,3,4,5,6,7]
04:51:42:INFO@cuda.py:MainProcess - LOCAL_RANK: 5 - CUDA_VISIBLE_DEVICES: [0,1,2,3,4,5,6,7]
04:51:42:INFO@cuda.py:MainProcess - LOCAL_RANK: 1 - CUDA_VISIBLE_DEVICES: [0,1,2,3,4,5,6,7]
04:51:42:INFO@cuda.py:MainProcess - LOCAL_RANK: 2 - CUDA_VISIBLE_DEVICES: [0,1,2,3,4,5,6,7]
04:51:42:INFO@cuda.py:MainProcess - LOCAL_RANK: 3 - CUDA_VISIBLE_DEVICES: [0,1,2,3,4,5,6,7]
04:51:42:INFO@cuda.py:MainProcess - LOCAL_RANK: 4 - CUDA_VISIBLE_DEVICES: [0,1,2,3,4,5,6,7]
04:51:49:INFO@model_summary.py:MainProcess - 
  | Name              | Type                   | Params
-------------------------------------------------------------
0 | model             | DiffusionWrapper       | 1.1 B 
1 | first_stage_model | AutoencoderKL          | 83.7 M
2 | cond_stage_model  | FrozenOpenCLIPEmbedder | 354 M 
-------------------------------------------------------------
1.1 B     Trainable params
437 M     Non-trainable params
1.6 B     Total params
6,328.690 Total estimated model params size (MB)
14:40:25:INFO@setup.py:MainProcess - GPU available: True (cuda), used: True
14:40:25:INFO@setup.py:MainProcess - TPU available: False, using: 0 TPU cores
14:40:25:INFO@setup.py:MainProcess - IPU available: False, using: 0 IPUs
14:40:25:INFO@setup.py:MainProcess - HPU available: False, using: 0 HPUs
14:42:51:INFO@distributed.py:MainProcess - ----------------------------------------------------------------------------------------------------
distributed_backend=nccl
All distributed processes registered. Starting with 7 processes
----------------------------------------------------------------------------------------------------

14:43:44:INFO@cuda.py:MainProcess - LOCAL_RANK: 0 - CUDA_VISIBLE_DEVICES: [0,1,2,3,4,5,6,7]
14:43:44:INFO@cuda.py:MainProcess - LOCAL_RANK: 2 - CUDA_VISIBLE_DEVICES: [0,1,2,3,4,5,6,7]
14:43:44:INFO@cuda.py:MainProcess - LOCAL_RANK: 5 - CUDA_VISIBLE_DEVICES: [0,1,2,3,4,5,6,7]
14:43:44:INFO@cuda.py:MainProcess - LOCAL_RANK: 6 - CUDA_VISIBLE_DEVICES: [0,1,2,3,4,5,6,7]
14:43:44:INFO@cuda.py:MainProcess - LOCAL_RANK: 4 - CUDA_VISIBLE_DEVICES: [0,1,2,3,4,5,6,7]
14:43:44:INFO@cuda.py:MainProcess - LOCAL_RANK: 1 - CUDA_VISIBLE_DEVICES: [0,1,2,3,4,5,6,7]
14:43:44:INFO@cuda.py:MainProcess - LOCAL_RANK: 3 - CUDA_VISIBLE_DEVICES: [0,1,2,3,4,5,6,7]
14:43:56:INFO@model_summary.py:MainProcess - 
  | Name              | Type                   | Params
-------------------------------------------------------------
0 | model             | DiffusionWrapper       | 1.1 B 
1 | first_stage_model | AutoencoderKL          | 83.7 M
2 | cond_stage_model  | FrozenOpenCLIPEmbedder | 354 M 
-------------------------------------------------------------
1.1 B     Trainable params
437 M     Non-trainable params
1.6 B     Total params
6,328.690 Total estimated model params size (MB)
